Determining if the pthread_create exist failed with the following output:
Change Dir: /home/elia/code/catkin_adr/src/movidius_tensorflow/movidius_ros/cmake-build-debug/CMakeFiles/CMakeTmp

Run Build Command:"/usr/bin/make" "cmTC_118b8/fast"
/usr/bin/make -f CMakeFiles/cmTC_118b8.dir/build.make CMakeFiles/cmTC_118b8.dir/build
make[1]: Entering directory '/home/elia/code/catkin_adr/src/movidius_tensorflow/movidius_ros/cmake-build-debug/CMakeFiles/CMakeTmp'
Building C object CMakeFiles/cmTC_118b8.dir/CheckSymbolExists.c.o
/usr/bin/cc    -o CMakeFiles/cmTC_118b8.dir/CheckSymbolExists.c.o   -c /home/elia/code/catkin_adr/src/movidius_tensorflow/movidius_ros/cmake-build-debug/CMakeFiles/CMakeTmp/CheckSymbolExists.c
Linking C executable cmTC_118b8
/opt/clion-2017.3/bin/cmake/bin/cmake -E cmake_link_script CMakeFiles/cmTC_118b8.dir/link.txt --verbose=1
/usr/bin/cc      -rdynamic CMakeFiles/cmTC_118b8.dir/CheckSymbolExists.c.o  -o cmTC_118b8 
CMakeFiles/cmTC_118b8.dir/CheckSymbolExists.c.o: In function `main':
CheckSymbolExists.c:(.text+0x16): undefined reference to `pthread_create'
collect2: error: ld returned 1 exit status
CMakeFiles/cmTC_118b8.dir/build.make:97: recipe for target 'cmTC_118b8' failed
make[1]: *** [cmTC_118b8] Error 1
make[1]: Leaving directory '/home/elia/code/catkin_adr/src/movidius_tensorflow/movidius_ros/cmake-build-debug/CMakeFiles/CMakeTmp'
Makefile:126: recipe for target 'cmTC_118b8/fast' failed
make: *** [cmTC_118b8/fast] Error 2

File /home/elia/code/catkin_adr/src/movidius_tensorflow/movidius_ros/cmake-build-debug/CMakeFiles/CMakeTmp/CheckSymbolExists.c:
/* */
#include <pthread.h>

int main(int argc, char** argv)
{
  (void)argv;
#ifndef pthread_create
  return ((int*)(&pthread_create))[argc];
#else
  (void)argc;
  return 0;
#endif
}

Determining if the function pthread_create exists in the pthreads failed with the following output:
Change Dir: /home/elia/code/catkin_adr/src/movidius_tensorflow/movidius_ros/cmake-build-debug/CMakeFiles/CMakeTmp

Run Build Command:"/usr/bin/make" "cmTC_0d36b/fast"
/usr/bin/make -f CMakeFiles/cmTC_0d36b.dir/build.make CMakeFiles/cmTC_0d36b.dir/build
make[1]: Entering directory '/home/elia/code/catkin_adr/src/movidius_tensorflow/movidius_ros/cmake-build-debug/CMakeFiles/CMakeTmp'
Building C object CMakeFiles/cmTC_0d36b.dir/CheckFunctionExists.c.o
/usr/bin/cc   -DCHECK_FUNCTION_EXISTS=pthread_create   -o CMakeFiles/cmTC_0d36b.dir/CheckFunctionExists.c.o   -c /opt/clion-2017.3/bin/cmake/share/cmake-3.9/Modules/CheckFunctionExists.c
Linking C executable cmTC_0d36b
/opt/clion-2017.3/bin/cmake/bin/cmake -E cmake_link_script CMakeFiles/cmTC_0d36b.dir/link.txt --verbose=1
/usr/bin/cc  -DCHECK_FUNCTION_EXISTS=pthread_create    -rdynamic CMakeFiles/cmTC_0d36b.dir/CheckFunctionExists.c.o  -o cmTC_0d36b -lpthreads 
/usr/bin/ld: cannot find -lpthreads
collect2: error: ld returned 1 exit status
CMakeFiles/cmTC_0d36b.dir/build.make:97: recipe for target 'cmTC_0d36b' failed
make[1]: *** [cmTC_0d36b] Error 1
make[1]: Leaving directory '/home/elia/code/catkin_adr/src/movidius_tensorflow/movidius_ros/cmake-build-debug/CMakeFiles/CMakeTmp'
Makefile:126: recipe for target 'cmTC_0d36b/fast' failed
make: *** [cmTC_0d36b/fast] Error 2


